This is pdfTeX, Version 3.141592653-2.6-1.40.22 (MiKTeX 21.2) (preloaded format=pdflatex 2021.5.4)  20 JUN 2021 13:30
entering extended mode
**d:/PAPER-TA202101017/kelompok/main.tex
(d:/PAPER-TA202101017/kelompok/main.tex
LaTeX2e <2020-10-01> patch level 4
L3 programming layer <2021-02-18> xparse <2020-03-03> (C:\Users\User\AppData\Local\Programs\MiKTeX\tex/latex/ieeetran\IEEEtran.cls
Document Class: IEEEtran 2015/08/26 V1.8b by Michael Shell
-- See the "IEEEtran_HOWTO" manual for usage information.
-- http://www.michaelshell.org/tex/ieeetran/
\@IEEEtrantmpdimenA=\dimen138
\@IEEEtrantmpdimenB=\dimen139
\@IEEEtrantmpdimenC=\dimen140
\@IEEEtrantmpcountA=\count179
\@IEEEtrantmpcountB=\count180
\@IEEEtrantmpcountC=\count181
\@IEEEtrantmptoksA=\toks15
LaTeX Font Info:    Trying to load font information for OT1+ptm on input line 503.
(C:\Users\User\AppData\Local\Programs\MiKTeX\tex/latex/psnfss\ot1ptm.fd
File: ot1ptm.fd 2001/06/04 font definitions for OT1/ptm.
)
-- Using 8.5in x 11in (letter) paper.
-- Using PDF output.
\@IEEEnormalsizeunitybaselineskip=\dimen141
-- This is a 10 point document.
\CLASSINFOnormalsizebaselineskip=\dimen142
\CLASSINFOnormalsizeunitybaselineskip=\dimen143
\IEEEnormaljot=\dimen144
LaTeX Font Info:    Font shape `OT1/ptm/bx/n' in size <5> not available
(Font)              Font shape `OT1/ptm/b/n' tried instead on input line 1090.
LaTeX Font Info:    Font shape `OT1/ptm/bx/it' in size <5> not available
(Font)              Font shape `OT1/ptm/b/it' tried instead on input line 1090.
LaTeX Font Info:    Font shape `OT1/ptm/bx/n' in size <7> not available
(Font)              Font shape `OT1/ptm/b/n' tried instead on input line 1090.
LaTeX Font Info:    Font shape `OT1/ptm/bx/it' in size <7> not available
(Font)              Font shape `OT1/ptm/b/it' tried instead on input line 1090.
LaTeX Font Info:    Font shape `OT1/ptm/bx/n' in size <8> not available
(Font)              Font shape `OT1/ptm/b/n' tried instead on input line 1090.
LaTeX Font Info:    Font shape `OT1/ptm/bx/it' in size <8> not available
(Font)              Font shape `OT1/ptm/b/it' tried instead on input line 1090.
LaTeX Font Info:    Font shape `OT1/ptm/bx/n' in size <9> not available
(Font)              Font shape `OT1/ptm/b/n' tried instead on input line 1090.
LaTeX Font Info:    Font shape `OT1/ptm/bx/it' in size <9> not available
(Font)              Font shape `OT1/ptm/b/it' tried instead on input line 1090.
LaTeX Font Info:    Font shape `OT1/ptm/bx/n' in size <10> not available
(Font)              Font shape `OT1/ptm/b/n' tried instead on input line 1090.
LaTeX Font Info:    Font shape `OT1/ptm/bx/it' in size <10> not available
(Font)              Font shape `OT1/ptm/b/it' tried instead on input line 1090.
LaTeX Font Info:    Font shape `OT1/ptm/bx/n' in size <11> not available
(Font)              Font shape `OT1/ptm/b/n' tried instead on input line 1090.
LaTeX Font Info:    Font shape `OT1/ptm/bx/it' in size <11> not available
(Font)              Font shape `OT1/ptm/b/it' tried instead on input line 1090.
LaTeX Font Info:    Font shape `OT1/ptm/bx/n' in size <12> not available
(Font)              Font shape `OT1/ptm/b/n' tried instead on input line 1090.
LaTeX Font Info:    Font shape `OT1/ptm/bx/it' in size <12> not available
(Font)              Font shape `OT1/ptm/b/it' tried instead on input line 1090.
LaTeX Font Info:    Font shape `OT1/ptm/bx/n' in size <17> not available
(Font)              Font shape `OT1/ptm/b/n' tried instead on input line 1090.
LaTeX Font Info:    Font shape `OT1/ptm/bx/it' in size <17> not available
(Font)              Font shape `OT1/ptm/b/it' tried instead on input line 1090.
LaTeX Font Info:    Font shape `OT1/ptm/bx/n' in size <20> not available
(Font)              Font shape `OT1/ptm/b/n' tried instead on input line 1090.
LaTeX Font Info:    Font shape `OT1/ptm/bx/it' in size <20> not available
(Font)              Font shape `OT1/ptm/b/it' tried instead on input line 1090.
LaTeX Font Info:    Font shape `OT1/ptm/bx/n' in size <24> not available
(Font)              Font shape `OT1/ptm/b/n' tried instead on input line 1090.
LaTeX Font Info:    Font shape `OT1/ptm/bx/it' in size <24> not available
(Font)              Font shape `OT1/ptm/b/it' tried instead on input line 1090.
\IEEEquantizedlength=\dimen145
\IEEEquantizedlengthdiff=\dimen146
\IEEEquantizedtextheightdiff=\dimen147
\IEEEilabelindentA=\dimen148
\IEEEilabelindentB=\dimen149
\IEEEilabelindent=\dimen150
\IEEEelabelindent=\dimen151
\IEEEdlabelindent=\dimen152
\IEEElabelindent=\dimen153
\IEEEiednormlabelsep=\dimen154
\IEEEiedmathlabelsep=\dimen155
\IEEEiedtopsep=\skip47
\c@section=\count182
\c@subsection=\count183
\c@subsubsection=\count184
\c@paragraph=\count185
\c@IEEEsubequation=\count186
\abovecaptionskip=\skip48
\belowcaptionskip=\skip49
\c@figure=\count187
\c@table=\count188
\@IEEEeqnnumcols=\count189
\@IEEEeqncolcnt=\count190
\@IEEEsubeqnnumrollback=\count191
\@IEEEquantizeheightA=\dimen156
\@IEEEquantizeheightB=\dimen157
\@IEEEquantizeheightC=\dimen158
\@IEEEquantizeprevdepth=\dimen159
\@IEEEquantizemultiple=\count192
\@IEEEquantizeboxA=\box47
\@IEEEtmpitemindent=\dimen160
\IEEEPARstartletwidth=\dimen161
\c@IEEEbiography=\count193
\@IEEEtranrubishbin=\box48
)
** ATTENTION: Overriding command lockouts (line 2).
(C:\Users\User\AppData\Local\Programs\MiKTeX\tex/latex/cite\cite.sty
LaTeX Info: Redefining \cite on input line 302.
LaTeX Info: Redefining \nocite on input line 332.
Package: cite 2015/02/27  v 5.5
) (C:\Users\User\AppData\Local\Programs\MiKTeX\tex/latex/amsmath\amsmath.sty
Package: amsmath 2020/09/23 v2.17i AMS math features
\@mathmargin=\skip50

For additional information on amsmath, use the `?' option.
(C:\Users\User\AppData\Local\Programs\MiKTeX\tex/latex/amsmath\amstext.sty
Package: amstext 2000/06/29 v2.01 AMS text
 (C:\Users\User\AppData\Local\Programs\MiKTeX\tex/latex/amsmath\amsgen.sty
File: amsgen.sty 1999/11/30 v2.0 generic functions
\@emptytoks=\toks16
\ex@=\dimen162
)) (C:\Users\User\AppData\Local\Programs\MiKTeX\tex/latex/amsmath\amsbsy.sty
Package: amsbsy 1999/11/29 v1.2d Bold Symbols
\pmbraise@=\dimen163
) (C:\Users\User\AppData\Local\Programs\MiKTeX\tex/latex/amsmath\amsopn.sty
Package: amsopn 2016/03/08 v2.02 operator names
)
\inf@bad=\count194
LaTeX Info: Redefining \frac on input line 234.
\uproot@=\count195
\leftroot@=\count196
LaTeX Info: Redefining \overline on input line 399.
\classnum@=\count197
\DOTSCASE@=\count198
LaTeX Info: Redefining \ldots on input line 496.
LaTeX Info: Redefining \dots on input line 499.
LaTeX Info: Redefining \cdots on input line 620.
\Mathstrutbox@=\box49
\strutbox@=\box50
\big@size=\dimen164
LaTeX Font Info:    Redeclaring font encoding OML on input line 743.
LaTeX Font Info:    Redeclaring font encoding OMS on input line 744.
\macc@depth=\count199
\c@MaxMatrixCols=\count266
\dotsspace@=\muskip16
\c@parentequation=\count267
\dspbrk@lvl=\count268
\tag@help=\toks17
\row@=\count269
\column@=\count270
\maxfields@=\count271
\andhelp@=\toks18
\eqnshift@=\dimen165
\alignsep@=\dimen166
\tagshift@=\dimen167
\tagwidth@=\dimen168
\totwidth@=\dimen169
\lineht@=\dimen170
\@envbody=\toks19
\multlinegap=\skip51
\multlinetaggap=\skip52
\mathdisplay@stack=\toks20
LaTeX Info: Redefining \[ on input line 2923.
LaTeX Info: Redefining \] on input line 2924.
) (C:\Users\User\AppData\Local\Programs\MiKTeX\tex/latex/amsfonts\amssymb.sty
Package: amssymb 2013/01/14 v3.01 AMS font symbols
 (C:\Users\User\AppData\Local\Programs\MiKTeX\tex/latex/amsfonts\amsfonts.sty
Package: amsfonts 2013/01/14 v3.01 Basic AMSFonts support
\symAMSa=\mathgroup4
\symAMSb=\mathgroup5
LaTeX Font Info:    Redeclaring math symbol \hbar on input line 98.
LaTeX Font Info:    Overwriting math alphabet `\mathfrak' in version `bold'
(Font)                  U/euf/m/n --> U/euf/b/n on input line 106.
)) (C:\Users\User\AppData\Local\Programs\MiKTeX\tex/latex/graphics\graphicx.sty
Package: graphicx 2020/09/09 v1.2b Enhanced LaTeX Graphics (DPC,SPQR)
 (C:\Users\User\AppData\Local\Programs\MiKTeX\tex/latex/graphics\keyval.sty
Package: keyval 2014/10/28 v1.15 key=value parser (DPC)
\KV@toks@=\toks21
) (C:\Users\User\AppData\Local\Programs\MiKTeX\tex/latex/graphics\graphics.sty
Package: graphics 2020/08/30 v1.4c Standard LaTeX Graphics (DPC,SPQR)
 (C:\Users\User\AppData\Local\Programs\MiKTeX\tex/latex/graphics\trig.sty
Package: trig 2016/01/03 v1.10 sin cos tan (DPC)
) (C:\Users\User\AppData\Local\Programs\MiKTeX\tex/latex/graphics-cfg\graphics.cfg
File: graphics.cfg 2016/06/04 v1.11 sample graphics configuration
)
Package graphics Info: Driver file: pdftex.def on input line 105.
 (C:\Users\User\AppData\Local\Programs\MiKTeX\tex/latex/graphics-def\pdftex.def
File: pdftex.def 2020/10/05 v1.2a Graphics/color driver for pdftex
))
\Gin@req@height=\dimen171
\Gin@req@width=\dimen172
) (C:\Users\User\AppData\Local\Programs\MiKTeX\tex/latex/base\textcomp.sty
Package: textcomp 2020/02/02 v2.0n Standard LaTeX package
) (C:\Users\User\AppData\Local\Programs\MiKTeX\tex/latex/xcolor\xcolor.sty
Package: xcolor 2016/05/11 v2.12 LaTeX color extensions (UK)
 (C:\Users\User\AppData\Local\Programs\MiKTeX\tex/latex/graphics-cfg\color.cfg
File: color.cfg 2016/01/02 v1.6 sample color configuration
)
Package xcolor Info: Driver file: pdftex.def on input line 225.
Package xcolor Info: Model `cmy' substituted by `cmy0' on input line 1348.
Package xcolor Info: Model `hsb' substituted by `rgb' on input line 1352.
Package xcolor Info: Model `RGB' extended on input line 1364.
Package xcolor Info: Model `HTML' substituted by `rgb' on input line 1366.
Package xcolor Info: Model `Hsb' substituted by `hsb' on input line 1367.
Package xcolor Info: Model `tHsb' substituted by `hsb' on input line 1368.
Package xcolor Info: Model `HSB' substituted by `hsb' on input line 1369.
Package xcolor Info: Model `Gray' substituted by `gray' on input line 1370.
Package xcolor Info: Model `wave' substituted by `hsb' on input line 1371.
) (C:\Users\User\AppData\Local\Programs\MiKTeX\tex/latex/l3backend\l3backend-pdftex.def
File: l3backend-pdftex.def 2021-02-18 L3 backend support: PDF output (pdfTeX)
\l__color_backend_stack_int=\count272
\l__pdf_internal_box=\box51
) (main.aux

LaTeX Warning: Label `fig1' multiply defined.


LaTeX Warning: Label `fig1' multiply defined.


LaTeX Warning: Label `fig1' multiply defined.


LaTeX Warning: Label `fig1' multiply defined.


LaTeX Warning: Label `fig1' multiply defined.


LaTeX Warning: Label `fig1' multiply defined.


LaTeX Warning: Label `fig1' multiply defined.


LaTeX Warning: Label `fig1' multiply defined.


LaTeX Warning: Label `fig1' multiply defined.


LaTeX Warning: Label `AA' multiply defined.


LaTeX Warning: Label `fig1' multiply defined.


LaTeX Warning: Label `fig1' multiply defined.


LaTeX Warning: Label `fig1' multiply defined.


LaTeX Warning: Label `fig1' multiply defined.


LaTeX Warning: Label `fig1' multiply defined.


LaTeX Warning: Label `fig1' multiply defined.


LaTeX Warning: Label `fig1' multiply defined.


LaTeX Warning: Label `fig1' multiply defined.


LaTeX Warning: Label `fig1' multiply defined.


LaTeX Warning: Label `fig1' multiply defined.


LaTeX Warning: Label `fig1' multiply defined.


LaTeX Warning: Label `fig1' multiply defined.


LaTeX Warning: Label `fig1' multiply defined.


LaTeX Warning: Label `fig1' multiply defined.

)
\openout1 = `main.aux'.

LaTeX Font Info:    Checking defaults for OML/cmm/m/it on input line 17.
LaTeX Font Info:    ... okay on input line 17.
LaTeX Font Info:    Checking defaults for OMS/cmsy/m/n on input line 17.
LaTeX Font Info:    ... okay on input line 17.
LaTeX Font Info:    Checking defaults for OT1/cmr/m/n on input line 17.
LaTeX Font Info:    ... okay on input line 17.
LaTeX Font Info:    Checking defaults for T1/cmr/m/n on input line 17.
LaTeX Font Info:    ... okay on input line 17.
LaTeX Font Info:    Checking defaults for TS1/cmr/m/n on input line 17.
LaTeX Font Info:    ... okay on input line 17.
LaTeX Font Info:    Checking defaults for OMX/cmex/m/n on input line 17.
LaTeX Font Info:    ... okay on input line 17.
LaTeX Font Info:    Checking defaults for U/cmr/m/n on input line 17.
LaTeX Font Info:    ... okay on input line 17.

-- Lines per column: 56 (exact).
(C:\Users\User\AppData\Local\Programs\MiKTeX\tex/context/base/mkii\supp-pdf.mkii
[Loading MPS to PDF converter (version 2006.09.02).]
\scratchcounter=\count273
\scratchdimen=\dimen173
\scratchbox=\box52
\nofMPsegments=\count274
\nofMParguments=\count275
\everyMPshowfont=\toks22
\MPscratchCnt=\count276
\MPscratchDim=\dimen174
\MPnumerator=\count277
\makeMPintoPDFobject=\count278
\everyMPtoPDFconversion=\toks23
) (C:\Users\User\AppData\Local\Programs\MiKTeX\tex/latex/epstopdf-pkg\epstopdf-base.sty
Package: epstopdf-base 2020-01-24 v2.11 Base part for package epstopdf
Package epstopdf-base Info: Redefining graphics rule for `.eps' on input line 485.
)
LaTeX Font Info:    Calculating math sizes for size <11> on input line 31.
LaTeX Font Info:    Trying to load font information for U+msa on input line 31.
 (C:\Users\User\AppData\Local\Programs\MiKTeX\tex/latex/amsfonts\umsa.fd
File: umsa.fd 2013/01/14 v3.01 AMS symbols A
)
LaTeX Font Info:    Trying to load font information for U+msb on input line 31.
 (C:\Users\User\AppData\Local\Programs\MiKTeX\tex/latex/amsfonts\umsb.fd
File: umsb.fd 2013/01/14 v3.01 AMS symbols B
)
LaTeX Font Info:    Trying to load font information for OMS+ptm on input line 31.
 (C:\Users\User\AppData\Local\Programs\MiKTeX\tex/latex/psnfss\omsptm.fd
File: omsptm.fd 
)
LaTeX Font Info:    Font shape `OMS/ptm/m/n' in size <10> not available
(Font)              Font shape `OMS/cmsy/m/n' tried instead on input line 31.
 [1{C:/Users/User/AppData/Local/MiKTeX/pdftex/config/pdftex.map}


]
<./figures//skematikdiagram1.png, id=10, 361.35pt x 157.3515pt>
File: ./figures//skematikdiagram1.png Graphic file (type png)
<use ./figures//skematikdiagram1.png>
Package pdftex.def Info: ./figures//skematikdiagram1.png  used on input line 98.
(pdftex.def)             Requested size: 232.19843pt x 101.11278pt.
<./figures//casing1.jpg, id=12, 252.945pt x 159.59625pt>
File: ./figures//casing1.jpg Graphic file (type jpg)
<use ./figures//casing1.jpg>
Package pdftex.def Info: ./figures//casing1.jpg  used on input line 109.
(pdftex.def)             Requested size: 232.19843pt x 146.50885pt.
<./figures//casing2.jpg, id=13, 249.93375pt x 157.33781pt>
File: ./figures//casing2.jpg Graphic file (type jpg)
<use ./figures//casing2.jpg>
Package pdftex.def Info: ./figures//casing2.jpg  used on input line 110.
(pdftex.def)             Requested size: 232.19843pt x 146.17859pt.
<./figures//fotoalat.jpg, id=14, 603.75563pt x 737.75626pt>
File: ./figures//fotoalat.jpg Graphic file (type jpg)
<use ./figures//fotoalat.jpg>
Package pdftex.def Info: ./figures//fotoalat.jpg  used on input line 116.
(pdftex.def)             Requested size: 154.80157pt x 189.1554pt.
 [2 <./figures//skematikdiagram1.png>]
<./figures//gambaresp32.png, id=19, 326.72063pt x 275.52937pt>
File: ./figures//gambaresp32.png Graphic file (type png)
<use ./figures//gambaresp32.png>
Package pdftex.def Info: ./figures//gambaresp32.png  used on input line 131.
(pdftex.def)             Requested size: 232.19843pt x 195.8164pt.
<./figures//neo6m.png, id=20, 144.54pt x 109.1578pt>
File: ./figures//neo6m.png Graphic file (type png)
<use ./figures//neo6m.png>
Package pdftex.def Info: ./figures//neo6m.png  used on input line 150.
(pdftex.def)             Requested size: 103.19843pt x 77.93564pt.

Underfull \hbox (badness 2393) in paragraph at lines 156--158
[]\OT1/ptm/m/n/10 Theft de-tec-tion is pos-si-ble when the user se-lects a
 []

[3 <./figures//casing1.jpg> <./figures//casing2.jpg> <./figures//fotoalat.jpg> <./figures//gambaresp32.png> <./figures//neo6m.png>]
<./figures//obddiagram.png, id=27, 361.35pt x 205.5178pt>
File: ./figures//obddiagram.png Graphic file (type png)
<use ./figures//obddiagram.png>
Package pdftex.def Info: ./figures//obddiagram.png  used on input line 172.
(pdftex.def)             Requested size: 232.19843pt x 132.06406pt.
<./figures//bateri.jpg, id=28, 127.97812pt x 170.88844pt>
File: ./figures//bateri.jpg Graphic file (type jpg)
<use ./figures//bateri.jpg>
Package pdftex.def Info: ./figures//bateri.jpg  used on input line 187.
(pdftex.def)             Requested size: 129.0pt x 172.26479pt.

Underfull \vbox (badness 2221) has occurred while \output is active []

<./figures//iotcorediagram.png, id=29, 455.45157pt x 274.02374pt>
File: ./figures//iotcorediagram.png Graphic file (type png)
<use ./figures//iotcorediagram.png>
Package pdftex.def Info: ./figures//iotcorediagram.png  used on input line 201.
(pdftex.def)             Requested size: 232.19843pt x 139.70425pt.
 [4 <./figures//obddiagram.png> <./figures//bateri.jpg>]
<./figures//skematikdiagram2.png, id=34, 1485.55pt x 650.43pt>
File: ./figures//skematikdiagram2.png Graphic file (type png)
<use ./figures//skematikdiagram2.png>
Package pdftex.def Info: ./figures//skematikdiagram2.png  used on input line 221.
(pdftex.def)             Requested size: 232.19843pt x 101.65921pt.
<./figures//strukturdatabase1.png, id=35, 361.35pt x 167.12437pt>
File: ./figures//strukturdatabase1.png Graphic file (type png)
<use ./figures//strukturdatabase1.png>
Package pdftex.def Info: ./figures//strukturdatabase1.png  used on input line 233.
(pdftex.def)             Requested size: 232.19843pt x 107.39273pt.
<./figures//strukturdatabase2.png, id=36, 361.35pt x 167.87718pt>
File: ./figures//strukturdatabase2.png Graphic file (type png)
<use ./figures//strukturdatabase2.png>
Package pdftex.def Info: ./figures//strukturdatabase2.png  used on input line 234.
(pdftex.def)             Requested size: 232.19843pt x 107.8765pt.
<./figures//databaseuser.png, id=37, 361.35pt x 167.87718pt>
File: ./figures//databaseuser.png Graphic file (type png)
<use ./figures//databaseuser.png>
Package pdftex.def Info: ./figures//databaseuser.png  used on input line 235.
(pdftex.def)             Requested size: 232.19843pt x 107.8765pt.
 [5 <./figures//iotcorediagram.png> <./figures//skematikdiagram2.png (PNG copy)> <./figures//strukturdatabase1.png> <./figures//strukturdatabase2.png> <./figures//databaseuser.png>]
<./figures//tampilanlogin.png, id=45, 136.25906pt x 283.0575pt>
File: ./figures//tampilanlogin.png Graphic file (type png)
<use ./figures//tampilanlogin.png>
Package pdftex.def Info: ./figures//tampilanlogin.png  used on input line 263.
(pdftex.def)             Requested size: 103.19843pt x 214.37871pt.
<./figures//tampilanregister.png, id=46, 123.46124pt x 257.46187pt>
File: ./figures//tampilanregister.png Graphic file (type png)
<use ./figures//tampilanregister.png>
Package pdftex.def Info: ./figures//tampilanregister.png  used on input line 264.
(pdftex.def)             Requested size: 103.19843pt x 215.21756pt.
 [6 <./figures//tampilanlogin.png> <./figures//tampilanregister.png>]
<./figures//registerfail1.png, id=52, 125.71968pt x 261.22594pt>
File: ./figures//registerfail1.png Graphic file (type png)
<use ./figures//registerfail1.png>
Package pdftex.def Info: ./figures//registerfail1.png  used on input line 289.
(pdftex.def)             Requested size: 103.19843pt x 214.42986pt.
<./figures//emailver1.png, id=53, 131.74219pt x 274.02374pt>
File: ./figures//emailver1.png Graphic file (type png)
<use ./figures//emailver1.png>
Package pdftex.def Info: ./figures//emailver1.png  used on input line 295.
(pdftex.def)             Requested size: 103.19843pt x 214.66171pt.
<./figures//emailver2.png, id=54, 148.30406pt x 305.64188pt>
File: ./figures//emailver2.png Graphic file (type png)
<use ./figures//emailver2.png>
Package pdftex.def Info: ./figures//emailver2.png  used on input line 296.
(pdftex.def)             Requested size: 103.19843pt x 212.68863pt.
<./figures//loginfail1.png, id=55, 126.4725pt x 263.48438pt>
File: ./figures//loginfail1.png Graphic file (type png)
<use ./figures//loginfail1.png>
Package pdftex.def Info: ./figures//loginfail1.png  used on input line 305.
(pdftex.def)             Requested size: 103.19843pt x 215.00119pt.
<./figures//loginfail2.png, id=56, 134.75343pt x 279.29344pt>
File: ./figures//loginfail2.png Graphic file (type png)
<use ./figures//loginfail2.png>
Package pdftex.def Info: ./figures//loginfail2.png  used on input line 306.
(pdftex.def)             Requested size: 103.19843pt x 213.89317pt.
<./figures//tampilandashboard.png, id=57, 202.95825pt x 361.35pt>
File: ./figures//tampilandashboard.png Graphic file (type png)
<use ./figures//tampilandashboard.png>
Package pdftex.def Info: ./figures//tampilandashboard.png  used on input line 312.
(pdftex.def)             Requested size: 103.19843pt x 183.7402pt.
<./figures//pairingsuccess1.png, id=58, 158.09062pt x 328.97906pt>
File: ./figures//pairingsuccess1.png Graphic file (type png)
<use ./figures//pairingsuccess1.png>
Package pdftex.def Info: ./figures//pairingsuccess1.png  used on input line 324.
(pdftex.def)             Requested size: 103.19843pt x 214.75247pt.
<./figures//pairingsuccess2.png, id=59, 154.32657pt x 320.69812pt>
File: ./figures//pairingsuccess2.png Graphic file (type png)
<use ./figures//pairingsuccess2.png>
Package pdftex.def Info: ./figures//pairingsuccess2.png  used on input line 325.
(pdftex.def)             Requested size: 103.19843pt x 214.45557pt.
 [7 <./figures//registerfail1.png> <./figures//emailver1.png> <./figures//emailver2.png> <./figures//loginfail1.png> <./figures//loginfail2.png>]
<./figures//pairingfail1.png, id=69, 142.28156pt x 295.85532pt>
File: ./figures//pairingfail1.png Graphic file (type png)
<use ./figures//pairingfail1.png>
Package pdftex.def Info: ./figures//pairingfail1.png  used on input line 332.
(pdftex.def)             Requested size: 103.19843pt x 214.59569pt.
<./figures//pairingfail2.png, id=70, 155.07938pt x 322.20375pt>
File: ./figures//pairingfail2.png Graphic file (type png)
<use ./figures//pairingfail2.png>
Package pdftex.def Info: ./figures//pairingfail2.png  used on input line 342.
(pdftex.def)             Requested size: 103.19843pt x 214.4103pt.
 [8 <./figures//tampilandashboard.png> <./figures//pairingsuccess1.png> <./figures//pairingsuccess2.png> <./figures//pairingfail1.png> <./figures//pairingfail2.png>]
<./figures//realtimeon.png, id=79, 144.54pt x 300.3722pt>
File: ./figures//realtimeon.png Graphic file (type png)
<use ./figures//realtimeon.png>
Package pdftex.def Info: ./figures//realtimeon.png  used on input line 354.
(pdftex.def)             Requested size: 103.19843pt x 214.4574pt.
<./figures//history1.png, id=80, 160.34906pt x 333.49594pt>
File: ./figures//history1.png Graphic file (type png)
<use ./figures//history1.png>
Package pdftex.def Info: ./figures//history1.png  used on input line 363.
(pdftex.def)             Requested size: 103.19843pt x 214.6376pt.
<./figures//history2.png, id=81, 146.79843pt x 305.64188pt>
File: ./figures//history2.png Graphic file (type png)
<use ./figures//history2.png>
Package pdftex.def Info: ./figures//history2.png  used on input line 369.
(pdftex.def)             Requested size: 103.19843pt x 214.86192pt.
<./figures//triggeron.png, id=82, 147.55125pt x 307.1475pt>
File: ./figures//triggeron.png Graphic file (type png)
<use ./figures//triggeron.png>
Package pdftex.def Info: ./figures//triggeron.png  used on input line 382.
(pdftex.def)             Requested size: 103.19843pt x 214.82368pt.
<./figures//notif1.png, id=83, 132.495pt x 274.77657pt>
File: ./figures//notif1.png Graphic file (type png)
<use ./figures//notif1.png>
Package pdftex.def Info: ./figures//notif1.png  used on input line 389.
(pdftex.def)             Requested size: 103.19843pt x 214.02296pt.
<./figures//notif2.png, id=84, 159.59625pt x 109.91063pt>
File: ./figures//notif2.png Graphic file (type png)
<use ./figures//notif2.png>
Package pdftex.def Info: ./figures//notif2.png  used on input line 390.
(pdftex.def)             Requested size: 129.0pt x 88.83926pt.
<./figures//notif3.png, id=85, 120.45pt x 250.68657pt>
File: ./figures//notif3.png Graphic file (type png)
<use ./figures//notif3.png>
Package pdftex.def Info: ./figures//notif3.png  used on input line 397.
(pdftex.def)             Requested size: 103.19843pt x 214.78677pt.
<./figures//notif4.png, id=86, 243.91125pt x 184.43906pt>
File: ./figures//notif4.png Graphic file (type png)
<use ./figures//notif4.png>
Package pdftex.def Info: ./figures//notif4.png  used on input line 398.
(pdftex.def)             Requested size: 129.0pt x 97.54678pt.
 [9 <./figures//realtimeon.png> <./figures//history1.png> <./figures//history2.png>]
Underfull \vbox (badness 10000) has occurred while \output is active []

 (main.bbl)

** Conference Paper **
Before submitting the final camera ready copy, remember to:

 1. Manually equalize the lengths of two columns on the last page
 of your paper;

 2. Ensure that any PostScript and/or PDF output post-processing
 uses only Type 1 fonts and that every step in the generation
 process uses the appropriate paper size.

[10 <./figures//triggeron.png> <./figures//notif1.png> <./figures//notif2.png> <./figures//notif3.png> <./figures//notif4.png>] (main.aux)

LaTeX Warning: There were multiply-defined labels.

 ) 
Here is how much of TeX's memory you used:
 4027 strings out of 479334
 61959 string characters out of 2857560
 362205 words of memory out of 3000000
 21451 multiletter control sequences out of 15000+200000
 442042 words of font info for 102 fonts, out of 3000000 for 9000
 1141 hyphenation exceptions out of 8191
 68i,11n,74p,992b,323s stack positions out of 5000i,500n,10000p,200000b,50000s
{C:/Users/User/AppData/Local/Programs/MiKTeX/fonts/enc/dvips/base/8r.enc}<C:/Users/User/AppData/Local/Programs/MiKTeX/fonts/type1/public/amsfonts/cm/cmsy10.pfb><C:/Users/User/AppData/Local/Programs/MiKTeX/fonts/type1/public/amsfonts/cm/cmsy7.pfb><C:/Users/User/AppData/Local/Programs/MiKTeX/fonts/type1/urw/times/utmb8a.pfb><C:/Users/User/AppData/Local/Programs/MiKTeX/fonts/type1/urw/times/utmbi8a.pfb><C:/Users/User/AppData/Local/Programs/MiKTeX/fonts/type1/urw/times/utmr8a.pfb><C:/Users/User/AppData/Local/Programs/MiKTeX/fonts/type1/urw/times/utmri8a.pfb>
Output written on main.pdf (10 pages, 1853359 bytes).
PDF statistics:
 122 PDF objects out of 1000 (max. 8388607)
 0 named destinations out of 1000 (max. 500000)
 166 words of extra memory for PDF output out of 10000 (max. 10000000)

